<?xml version="1.0" encoding="UTF-8"?>
<!-- Generated by org.testng.reporters.JUnitReportReporter -->
<testsuite hostname="COGNINE-L67" failures="0" tests="2" name="Request.SettingDefaultRequestSpecification" time="4.758" errors="0" timestamp="2023-10-25T13:09:09 IST" skipped="0">
  <testcase classname="Request.SettingDefaultRequestSpecification" name="UseDefault" time="0.281"/>
  <testcase classname="Request.SettingDefaultRequestSpecification" name="OverrideDefault" time="4.477"/>
</testsuite> <!-- Request.SettingDefaultRequestSpecification -->
